<?xml version="1.0" encoding="UTF-8"?>
<!-- Generated by org.testng.reporters.JUnitXMLReporter -->
<testsuite ignored="0" hostname="TestExcel" failures="0" tests="5" name="Home Page Tests" time="39.68" errors="0" timestamp="2025-05-13T09:43:59 SAST">
  <testcase classname="com.test.automation.tests.HomePageTest" name="testLogout" time="0.0">
    <skipped/>
  </testcase> <!-- testLogout -->
  <testcase classname="com.test.automation.tests.HomePageTest" name="testNavigationSections" time="0.001">
    <skipped/>
  </testcase> <!-- testNavigationSections -->
  <testcase classname="com.test.automation.tests.HomePageTest" name="testSearch" time="0.0">
    <skipped/>
  </testcase> <!-- testSearch -->
  <testcase classname="com.test.automation.tests.HomePageTest" name="testSectionNavigation" time="0.0">
    <skipped/>
  </testcase> <!-- testSectionNavigation -->
  <testcase classname="com.test.automation.tests.HomePageTest" name="testUserMenu" time="0.0">
    <skipped/>
  </testcase> <!-- testUserMenu -->
</testsuite> <!-- Home Page Tests -->
